<?xml version="1.0" encoding="UTF-8"?>
<!-- Generated by org.testng.reporters.JUnitXMLReporter -->
<testsuite ignored="10" hostname="SSSLT025" failures="0" tests="1" name="Default test" time="20.231" errors="0" timestamp="2024-04-10T18:21:46 IST">
  <testcase classname="allPages.Login" name="Login_T11" time="14.888"/>
  <testcase classname="allPages.Login" name="Login_TC9" time="0.0">
    <ignored/>
  </testcase> <!-- Login_TC9 -->
  <testcase classname="allPages.Login" name="Login_TC10" time="0.0">
    <ignored/>
  </testcase> <!-- Login_TC10 -->
  <testcase classname="allPages.Login" name="Login_TC2" time="0.0">
    <ignored/>
  </testcase> <!-- Login_TC2 -->
  <testcase classname="allPages.Login" name="Login_TC4" time="0.0">
    <ignored/>
  </testcase> <!-- Login_TC4 -->
  <testcase classname="allPages.Login" name="Login_TC1" time="0.0">
    <ignored/>
  </testcase> <!-- Login_TC1 -->
  <testcase classname="allPages.Login" name="Login_TC6" time="0.0">
    <ignored/>
  </testcase> <!-- Login_TC6 -->
  <testcase classname="allPages.Login" name="Login_TC3" time="0.0">
    <ignored/>
  </testcase> <!-- Login_TC3 -->
  <testcase classname="allPages.Login" name="Login_TC8" time="0.0">
    <ignored/>
  </testcase> <!-- Login_TC8 -->
  <testcase classname="allPages.Login" name="Login_TC5" time="0.0">
    <ignored/>
  </testcase> <!-- Login_TC5 -->
  <testcase classname="allPages.Login" name="Login_TC7" time="0.0">
    <ignored/>
  </testcase> <!-- Login_TC7 -->
</testsuite> <!-- Default test -->
