<?xml version="1.0" encoding="UTF-8"?>
<testng-results ignored="0" total="1" passed="1" failed="0" skipped="0">
  <reporter-output>
  </reporter-output>
  <suite started-at="2024-04-10T17:52:10 IST" name="Default suite" finished-at="2024-04-10T17:52:26 IST" duration-ms="16033">
    <groups>
    </groups>
    <test started-at="2024-04-10T17:52:10 IST" name="Default test" finished-at="2024-04-10T17:52:26 IST" duration-ms="16033">
      <class name="allPages.ViewUser">
        <test-method is-config="true" signature="launch()[pri:0, instance:allPages.ViewUser@7c9d8e2]" started-at="2024-04-10T17:52:10 IST" name="launch" finished-at="2024-04-10T17:52:10 IST" duration-ms="13" status="PASS">
          <reporter-output>
          </reporter-output>
        </test-method> <!-- launch -->
        <test-method is-config="true" signature="setUp()[pri:0, instance:allPages.ViewUser@7c9d8e2]" started-at="2024-04-10T17:52:10 IST" name="setUp" finished-at="2024-04-10T17:52:14 IST" duration-ms="4080" status="PASS">
          <reporter-output>
          </reporter-output>
        </test-method> <!-- setUp -->
        <test-method signature="TC35()[pri:35, instance:allPages.ViewUser@7c9d8e2]" started-at="2024-04-10T17:52:14 IST" name="TC35" finished-at="2024-04-10T17:52:23 IST" duration-ms="8598" status="PASS">
          <reporter-output>
          </reporter-output>
        </test-method> <!-- TC35 -->
        <test-method is-config="true" signature="tearDown()[pri:0, instance:allPages.ViewUser@7c9d8e2]" started-at="2024-04-10T17:52:23 IST" name="tearDown" finished-at="2024-04-10T17:52:26 IST" duration-ms="3262" status="PASS">
          <reporter-output>
          </reporter-output>
        </test-method> <!-- tearDown -->
      </class> <!-- allPages.ViewUser -->
    </test> <!-- Default test -->
  </suite> <!-- Default suite -->
</testng-results>
